easy-media-picker-core/build/intermediates/manifest_merge_blame_file/debug/manifest-merger-blame-debug-report.txt
1<?xml version="1.0" encoding="utf-8"?>
2<manifest xmlns:android="http://schemas.android.com/apk/res/android"
3    package="com.bn.easymediapicker.core" >
4
5    <uses-sdk android:minSdkVersion="24" />
6
7    <!-- Camera permission for capturing photos/videos -->
8    <uses-permission android:name="android.permission.CAMERA" />
8-->src/androidMain/AndroidManifest.xml:5:5-65
8-->src/androidMain/AndroidManifest.xml:5:22-62
9
10    <!-- Storage permissions (pre-Android 13) -->
11    <uses-permission
11-->src/androidMain/AndroidManifest.xml:8:5-9:38
12        android:name="android.permission.READ_EXTERNAL_STORAGE"
12-->src/androidMain/AndroidManifest.xml:8:22-77
13        android:maxSdkVersion="32" />
13-->src/androidMain/AndroidManifest.xml:9:9-35
14    <uses-permission
14-->src/androidMain/AndroidManifest.xml:10:5-11:38
15        android:name="android.permission.WRITE_EXTERNAL_STORAGE"
15-->src/androidMain/AndroidManifest.xml:10:22-78
16        android:maxSdkVersion="28" />
16-->src/androidMain/AndroidManifest.xml:11:9-35
17
18    <!-- Media permissions (Android 13+) -->
19    <uses-permission android:name="android.permission.READ_MEDIA_IMAGES" />
19-->src/androidMain/AndroidManifest.xml:14:5-76
19-->src/androidMain/AndroidManifest.xml:14:22-73
20    <uses-permission android:name="android.permission.READ_MEDIA_VIDEO" />
20-->src/androidMain/AndroidManifest.xml:15:5-75
20-->src/androidMain/AndroidManifest.xml:15:22-72
21    <uses-permission android:name="android.permission.READ_MEDIA_AUDIO" />
21-->src/androidMain/AndroidManifest.xml:16:5-75
21-->src/androidMain/AndroidManifest.xml:16:22-72
22
23    <!-- Camera feature (optional) -->
24    <uses-feature
24-->src/androidMain/AndroidManifest.xml:19:5-85
25        android:name="android.hardware.camera"
25-->src/androidMain/AndroidManifest.xml:19:19-57
26        android:required="false" />
26-->src/androidMain/AndroidManifest.xml:19:58-82
27    <uses-feature
27-->src/androidMain/AndroidManifest.xml:20:5-95
28        android:name="android.hardware.camera.autofocus"
28-->src/androidMain/AndroidManifest.xml:20:19-67
29        android:required="false" />
29-->src/androidMain/AndroidManifest.xml:20:68-92
30
31</manifest>